<?xml version="1.0" encoding="UTF-8"?>
<!-- Generated by org.testng.reporters.JUnitXMLReporter -->
<testsuite hostname="EBHVR04-04" ignored="0" name="Default test" tests="4" failures="0" timestamp="18 Aug 2017 06:46:06 GMT" time="10.471" errors="0">
  <testcase name="invalidlogIn" time="1.645" classname="unitTestClass.LogInTest"/>
  <testcase name="noValueinPassword" time="0.483" classname="unitTestClass.LogInTest"/>
  <testcase name="noValueinUsername" time="0.368" classname="unitTestClass.LogInTest"/>
  <testcase name="validlogIn" time="0.375" classname="unitTestClass.LogInTest"/>
</testsuite> <!-- Default test -->
